<?xml version="1.0" encoding="UTF-8"?>
<testng-results skipped="2" failed="0" total="3" passed="1">
  <reporter-output>
  </reporter-output>
  <suite name="Default suite" duration-ms="20654" started-at="2020-06-12T10:32:07Z" finished-at="2020-06-12T10:32:28Z">
    <groups>
    </groups>
    <test name="Default test" duration-ms="20654" started-at="2020-06-12T10:32:07Z" finished-at="2020-06-12T10:32:28Z">
      <class name="com.cjc.Mercury">
        <test-method status="PASS" signature="OpenBrowser()[pri:0, instance:com.cjc.Mercury@2a5ca609]" name="OpenBrowser" is-config="true" duration-ms="4756" started-at="2020-06-11T22:32:03Z" finished-at="2020-06-11T22:32:07Z">
          <reporter-output>
          </reporter-output>
        </test-method> <!-- OpenBrowser -->
        <test-method status="PASS" signature="EnteUrl()[pri:0, instance:com.cjc.Mercury@2a5ca609]" name="EnteUrl" is-config="true" duration-ms="5441" started-at="2020-06-11T22:32:07Z" finished-at="2020-06-11T22:32:13Z">
          <reporter-output>
          </reporter-output>
        </test-method> <!-- EnteUrl -->
        <test-method status="PASS" signature="maximizewindow()[pri:0, instance:com.cjc.Mercury@2a5ca609]" name="maximizewindow" is-config="true" duration-ms="1154" started-at="2020-06-11T22:32:13Z" finished-at="2020-06-11T22:32:14Z">
          <reporter-output>
          </reporter-output>
        </test-method> <!-- maximizewindow -->
        <test-method status="PASS" signature="getCookies()[pri:0, instance:com.cjc.Mercury@2a5ca609]" name="getCookies" is-config="true" duration-ms="3688" started-at="2020-06-11T22:32:14Z" finished-at="2020-06-11T22:32:18Z">
          <reporter-output>
          </reporter-output>
        </test-method> <!-- getCookies -->
        <test-method status="PASS" signature="loginwithvaliduser()[pri:0, instance:com.cjc.Mercury@2a5ca609]" name="loginwithvaliduser" duration-ms="6194" started-at="2020-06-11T22:32:18Z" finished-at="2020-06-11T22:32:24Z">
          <reporter-output>
          </reporter-output>
        </test-method> <!-- loginwithvaliduser -->
        <test-method status="PASS" signature="CaptureScreen()[pri:0, instance:com.cjc.Mercury@2a5ca609]" name="CaptureScreen" is-config="true" duration-ms="1" started-at="2020-06-11T22:32:24Z" finished-at="2020-06-11T22:32:24Z">
          <reporter-output>
          </reporter-output>
        </test-method> <!-- CaptureScreen -->
        <test-method status="FAIL" signature="getCookies()[pri:0, instance:com.cjc.Mercury@2a5ca609]" name="getCookies" is-config="true" duration-ms="0" started-at="2020-06-11T22:32:24Z" finished-at="2020-06-11T22:32:24Z">
          <exception class="org.openqa.selenium.WebDriverException">
            <message>
              <![CDATA[chrome not reachable
  (Session info: chrome=83.0.4103.97)
Build info: version: '3.141.59', revision: 'e82be7d358', time: '2018-11-14T08:17:03'
System info: host: 'VAIO', ip: '192.168.43.109', os.name: 'Windows 8', os.arch: 'amd64', os.version: '6.2', java.version: '1.8.0_77'
Driver info: org.openqa.selenium.chrome.ChromeDriver
Capabilities {acceptInsecureCerts: false, browserName: chrome, browserVersion: 83.0.4103.97, chrome: {chromedriverVersion: 83.0.4103.39 (ccbf011cb2d2b..., userDataDir: C:\Users\SONY\AppData\Local...}, goog:chromeOptions: {debuggerAddress: localhost:53615}, javascriptEnabled: true, networkConnectionEnabled: false, pageLoadStrategy: normal, platform: WINDOWS, platformName: WINDOWS, proxy: Proxy(), setWindowRect: true, strictFileInteractability: false, timeouts: {implicit: 0, pageLoad: 300000, script: 30000}, unhandledPromptBehavior: dismiss and notify, webauthn:virtualAuthenticators: true}
Session ID: 12a696413ad22ac7920dbb8a1d65c266]]>
            </message>
            <full-stacktrace>
              <![CDATA[org.openqa.selenium.WebDriverException: chrome not reachable
  (Session info: chrome=83.0.4103.97)
Build info: version: '3.141.59', revision: 'e82be7d358', time: '2018-11-14T08:17:03'
System info: host: 'VAIO', ip: '192.168.43.109', os.name: 'Windows 8', os.arch: 'amd64', os.version: '6.2', java.version: '1.8.0_77'
Driver info: org.openqa.selenium.chrome.ChromeDriver
Capabilities {acceptInsecureCerts: false, browserName: chrome, browserVersion: 83.0.4103.97, chrome: {chromedriverVersion: 83.0.4103.39 (ccbf011cb2d2b..., userDataDir: C:\Users\SONY\AppData\Local...}, goog:chromeOptions: {debuggerAddress: localhost:53615}, javascriptEnabled: true, networkConnectionEnabled: false, pageLoadStrategy: normal, platform: WINDOWS, platformName: WINDOWS, proxy: Proxy(), setWindowRect: true, strictFileInteractability: false, timeouts: {implicit: 0, pageLoad: 300000, script: 30000}, unhandledPromptBehavior: dismiss and notify, webauthn:virtualAuthenticators: true}
Session ID: 12a696413ad22ac7920dbb8a1d65c266
	at sun.reflect.NativeConstructorAccessorImpl.newInstance0(Native Method)
	at sun.reflect.NativeConstructorAccessorImpl.newInstance(NativeConstructorAccessorImpl.java:62)
	at sun.reflect.DelegatingConstructorAccessorImpl.newInstance(DelegatingConstructorAccessorImpl.java:45)
	at java.lang.reflect.Constructor.newInstance(Constructor.java:423)
	at org.openqa.selenium.remote.http.W3CHttpResponseCodec.createException(W3CHttpResponseCodec.java:187)
	at org.openqa.selenium.remote.http.W3CHttpResponseCodec.decode(W3CHttpResponseCodec.java:122)
	at org.openqa.selenium.remote.http.W3CHttpResponseCodec.decode(W3CHttpResponseCodec.java:49)
	at org.openqa.selenium.remote.HttpCommandExecutor.execute(HttpCommandExecutor.java:158)
	at org.openqa.selenium.remote.service.DriverCommandExecutor.execute(DriverCommandExecutor.java:83)
	at org.openqa.selenium.remote.RemoteWebDriver.execute(RemoteWebDriver.java:552)
	at org.openqa.selenium.remote.RemoteWebDriver.execute(RemoteWebDriver.java:609)
	at org.openqa.selenium.remote.RemoteWebDriver$RemoteWebDriverOptions.getCookies(RemoteWebDriver.java:699)
	at com.cjc.Mercury.getCookies(Mercury.java:53)
	at sun.reflect.NativeMethodAccessorImpl.invoke0(Native Method)
	at sun.reflect.NativeMethodAccessorImpl.invoke(NativeMethodAccessorImpl.java:62)
	at sun.reflect.DelegatingMethodAccessorImpl.invoke(DelegatingMethodAccessorImpl.java:43)
	at java.lang.reflect.Method.invoke(Method.java:498)
	at org.testng.internal.MethodInvocationHelper.invokeMethod(MethodInvocationHelper.java:86)
	at org.testng.internal.Invoker.invokeConfigurationMethod(Invoker.java:514)
	at org.testng.internal.Invoker.invokeConfigurations(Invoker.java:215)
	at org.testng.internal.Invoker.invokeMethod(Invoker.java:589)
	at org.testng.internal.Invoker.invokeTestMethod(Invoker.java:820)
	at org.testng.internal.Invoker.invokeTestMethods(Invoker.java:1128)
	at org.testng.internal.TestMethodWorker.invokeTestMethods(TestMethodWorker.java:129)
	at org.testng.internal.TestMethodWorker.run(TestMethodWorker.java:112)
	at org.testng.TestRunner.privateRun(TestRunner.java:782)
	at org.testng.TestRunner.run(TestRunner.java:632)
	at org.testng.SuiteRunner.runTest(SuiteRunner.java:366)
	at org.testng.SuiteRunner.runSequentially(SuiteRunner.java:361)
	at org.testng.SuiteRunner.privateRun(SuiteRunner.java:319)
	at org.testng.SuiteRunner.run(SuiteRunner.java:268)
	at org.testng.SuiteRunnerWorker.runSuite(SuiteRunnerWorker.java:52)
	at org.testng.SuiteRunnerWorker.run(SuiteRunnerWorker.java:86)
	at org.testng.TestNG.runSuitesSequentially(TestNG.java:1244)
	at org.testng.TestNG.runSuitesLocally(TestNG.java:1169)
	at org.testng.TestNG.run(TestNG.java:1064)
	at org.testng.remote.AbstractRemoteTestNG.run(AbstractRemoteTestNG.java:114)
	at org.testng.remote.RemoteTestNG.initAndRun(RemoteTestNG.java:251)
	at org.testng.remote.RemoteTestNG.main(RemoteTestNG.java:77)
]]>
            </full-stacktrace>
          </exception> <!-- org.openqa.selenium.WebDriverException -->
          <reporter-output>
          </reporter-output>
        </test-method> <!-- getCookies -->
        <test-method status="SKIP" signature="loginwithvaliduser2()[pri:1, instance:com.cjc.Mercury@2a5ca609]" name="loginwithvaliduser2" duration-ms="3" started-at="2020-06-11T22:32:28Z" finished-at="2020-06-11T22:32:28Z">
          <reporter-output>
          </reporter-output>
        </test-method> <!-- loginwithvaliduser2 -->
        <test-method status="SKIP" signature="CaptureScreen()[pri:0, instance:com.cjc.Mercury@2a5ca609]" name="CaptureScreen" is-config="true" duration-ms="0" started-at="2020-06-11T22:32:28Z" finished-at="2020-06-11T22:32:28Z">
          <reporter-output>
          </reporter-output>
        </test-method> <!-- CaptureScreen -->
        <test-method status="SKIP" signature="getCookies()[pri:0, instance:com.cjc.Mercury@2a5ca609]" name="getCookies" is-config="true" duration-ms="0" started-at="2020-06-11T22:32:28Z" finished-at="2020-06-11T22:32:28Z">
          <reporter-output>
          </reporter-output>
        </test-method> <!-- getCookies -->
        <test-method status="SKIP" signature="loginwithvaliduser1()[pri:2, instance:com.cjc.Mercury@2a5ca609]" name="loginwithvaliduser1" duration-ms="5" started-at="2020-06-11T22:32:28Z" finished-at="2020-06-11T22:32:28Z">
          <reporter-output>
          </reporter-output>
        </test-method> <!-- loginwithvaliduser1 -->
        <test-method status="SKIP" signature="CaptureScreen()[pri:0, instance:com.cjc.Mercury@2a5ca609]" name="CaptureScreen" is-config="true" duration-ms="0" started-at="2020-06-11T22:32:28Z" finished-at="2020-06-11T22:32:28Z">
          <reporter-output>
          </reporter-output>
        </test-method> <!-- CaptureScreen -->
        <test-method status="SKIP" signature="DeleteCookies()[pri:0, instance:com.cjc.Mercury@2a5ca609]" name="DeleteCookies" is-config="true" duration-ms="0" started-at="2020-06-11T22:32:28Z" finished-at="2020-06-11T22:32:28Z">
          <reporter-output>
          </reporter-output>
        </test-method> <!-- DeleteCookies -->
        <test-method status="SKIP" signature="dbconnection()[pri:0, instance:com.cjc.Mercury@2a5ca609]" name="dbconnection" is-config="true" duration-ms="0" started-at="2020-06-11T22:32:28Z" finished-at="2020-06-11T22:32:28Z">
          <reporter-output>
          </reporter-output>
        </test-method> <!-- dbconnection -->
        <test-method status="SKIP" signature="closebrowser()[pri:0, instance:com.cjc.Mercury@2a5ca609]" name="closebrowser" is-config="true" duration-ms="0" started-at="2020-06-11T22:32:28Z" finished-at="2020-06-11T22:32:28Z">
          <reporter-output>
          </reporter-output>
        </test-method> <!-- closebrowser -->
      </class> <!-- com.cjc.Mercury -->
    </test> <!-- Default test -->
  </suite> <!-- Default suite -->
</testng-results>
